<?xml version="1.0" encoding="UTF-8"?>
<testng-results ignored="0" total="1" passed="1" failed="0" skipped="0">
  <reporter-output>
  </reporter-output>
  <suite started-at="2025-11-05T15:30:34 EST" name="Default suite" finished-at="2025-11-05T15:30:54 EST" duration-ms="19455">
    <groups>
    </groups>
    <test started-at="2025-11-05T15:30:34 EST" name="Default test" finished-at="2025-11-05T15:30:54 EST" duration-ms="19455">
      <class name="basicweb.JUnitIntroduction">
        <test-method is-config="true" signature="setUp()[pri:0, instance:basicweb.JUnitIntroduction@1f387978]" started-at="2025-11-05T15:30:34 EST" name="setUp" finished-at="2025-11-05T15:30:50 EST" duration-ms="15962" status="PASS">
          <reporter-output>
          </reporter-output>
        </test-method> <!-- setUp -->
        <test-method signature="test()[pri:0, instance:basicweb.JUnitIntroduction@1f387978]" started-at="2025-11-05T15:30:50 EST" name="test" description="Select all text test" finished-at="2025-11-05T15:30:52 EST" duration-ms="2103" status="PASS">
          <reporter-output>
          </reporter-output>
        </test-method> <!-- test -->
        <test-method is-config="true" signature="tearDown(org.testng.ITestResult)[pri:0, instance:basicweb.JUnitIntroduction@1f387978]" started-at="2025-11-05T15:30:52 EST" name="tearDown" finished-at="2025-11-05T15:30:53 EST" duration-ms="1048" status="PASS">
          <params>
            <param index="0">
              <value>
                <![CDATA[[TestResult name=test status=SUCCESS method=JUnitIntroduction.test()[pri:0, instance:basicweb.JUnitIntroduction@1f387978] output={null}]]]>
              </value>
            </param>
          </params>
          <reporter-output>
          </reporter-output>
        </test-method> <!-- tearDown -->
      </class> <!-- basicweb.JUnitIntroduction -->
    </test> <!-- Default test -->
  </suite> <!-- Default suite -->
</testng-results>
